/*C45*/SET SCHEMA PUBLIC
CREATE TABLE DELETEME1462368173930\u000a(\u000a    UNUSED INTEGER NOT NULL\u000a)
DROP TABLE DELETEME1462368173930
/*C47*/SET SCHEMA PUBLIC
CREATE TABLE DELETEME1462368186464\u000a(\u000a    UNUSED INTEGER NOT NULL\u000a)
DROP TABLE DELETEME1462368186464
/*C49*/SET SCHEMA PUBLIC
CREATE TABLE DELETEME1462368251061\u000a(\u000a    UNUSED INTEGER NOT NULL\u000a)
DROP TABLE DELETEME1462368251061
/*C51*/SET SCHEMA PUBLIC
CREATE TABLE DELETEME1462368347711\u000a(\u000a    UNUSED INTEGER NOT NULL\u000a)
DROP TABLE DELETEME1462368347711
/*C53*/SET SCHEMA PUBLIC
CREATE TABLE DELETEME1462368380281\u000a(\u000a    UNUSED INTEGER NOT NULL\u000a)
DROP TABLE DELETEME1462368380281
/*C55*/SET SCHEMA PUBLIC
CREATE TABLE DELETEME1462368398536\u000a(\u000a    UNUSED INTEGER NOT NULL\u000a)
DROP TABLE DELETEME1462368398536
/*C48*/SET SCHEMA PUBLIC
DISCONNECT
/*C47*/DISCONNECT
/*C46*/SET SCHEMA PUBLIC
DISCONNECT
/*C45*/DISCONNECT
/*C52*/SET SCHEMA PUBLIC
DISCONNECT
/*C51*/DISCONNECT
/*C54*/SET SCHEMA PUBLIC
DISCONNECT
/*C53*/DISCONNECT
/*C50*/SET SCHEMA PUBLIC
DISCONNECT
/*C49*/DISCONNECT
/*C57*/SET SCHEMA PUBLIC
CREATE TABLE DELETEME1462368579274\u000a(\u000a    UNUSED INTEGER NOT NULL\u000a)
DROP TABLE DELETEME1462368579274
/*C59*/SET SCHEMA PUBLIC
CREATE TABLE DELETEME1462368619986\u000a(\u000a    UNUSED INTEGER NOT NULL\u000a)
DROP TABLE DELETEME1462368619986
/*C61*/SET SCHEMA PUBLIC
CREATE TABLE DELETEME1462368646151\u000a(\u000a    UNUSED INTEGER NOT NULL\u000a)
DROP TABLE DELETEME1462368646151
/*C63*/SET SCHEMA PUBLIC
CREATE TABLE DELETEME1462368646846\u000a(\u000a    UNUSED INTEGER NOT NULL\u000a)
DROP TABLE DELETEME1462368646846
/*C65*/SET SCHEMA PUBLIC
CREATE TABLE DELETEME1462368694011\u000a(\u000a    UNUSED INTEGER NOT NULL\u000a)
DROP TABLE DELETEME1462368694011
/*C67*/SET SCHEMA PUBLIC
CREATE TABLE DELETEME1462368726213\u000a(\u000a    UNUSED INTEGER NOT NULL\u000a)
DROP TABLE DELETEME1462368726213
/*C69*/SET SCHEMA PUBLIC
CREATE TABLE DELETEME1462368748750\u000a(\u000a    UNUSED INTEGER NOT NULL\u000a)
DROP TABLE DELETEME1462368748750
/*C71*/SET SCHEMA PUBLIC
CREATE TABLE DELETEME1462368749541\u000a(\u000a    UNUSED INTEGER NOT NULL\u000a)
DROP TABLE DELETEME1462368749541
/*C73*/SET SCHEMA PUBLIC
CREATE TABLE DELETEME1462368752431\u000a(\u000a    UNUSED INTEGER NOT NULL\u000a)
DROP TABLE DELETEME1462368752431
/*C62*/SET SCHEMA PUBLIC
DISCONNECT
/*C61*/DISCONNECT
/*C56*/SET SCHEMA PUBLIC
DISCONNECT
/*C55*/DISCONNECT
/*C60*/SET SCHEMA PUBLIC
DISCONNECT
/*C59*/DISCONNECT
/*C68*/SET SCHEMA PUBLIC
DISCONNECT
/*C67*/DISCONNECT
/*C66*/SET SCHEMA PUBLIC
DISCONNECT
/*C65*/DISCONNECT
/*C64*/SET SCHEMA PUBLIC
DISCONNECT
/*C63*/DISCONNECT
/*C74*/SET SCHEMA PUBLIC
DISCONNECT
/*C73*/DISCONNECT
/*C72*/SET SCHEMA PUBLIC
DISCONNECT
/*C71*/DISCONNECT
/*C58*/SET SCHEMA PUBLIC
DISCONNECT
/*C57*/DISCONNECT
/*C70*/SET SCHEMA PUBLIC
DISCONNECT
/*C69*/DISCONNECT
/*C75*/SET SCHEMA PUBLIC
CREATE TABLE DELETEME1462368834630\u000a(\u000a    UNUSED INTEGER NOT NULL\u000a)
DROP TABLE DELETEME1462368834630
/*C77*/SET SCHEMA PUBLIC
CREATE TABLE DELETEME1462368837100\u000a(\u000a    UNUSED INTEGER NOT NULL\u000a)
DROP TABLE DELETEME1462368837100
/*C79*/SET SCHEMA PUBLIC
CREATE TABLE DELETEME1462368844411\u000a(\u000a    UNUSED INTEGER NOT NULL\u000a)
DROP TABLE DELETEME1462368844411
/*C81*/SET SCHEMA PUBLIC
CREATE TABLE DELETEME1462368899781\u000a(\u000a    UNUSED INTEGER NOT NULL\u000a)
DROP TABLE DELETEME1462368899781
/*C83*/SET SCHEMA PUBLIC
CREATE TABLE DELETEME1462368913022\u000a(\u000a    UNUSED INTEGER NOT NULL\u000a)
DROP TABLE DELETEME1462368913022
/*C85*/SET SCHEMA PUBLIC
CREATE TABLE DELETEME1462368913448\u000a(\u000a    UNUSED INTEGER NOT NULL\u000a)
DROP TABLE DELETEME1462368913448
/*C87*/SET SCHEMA PUBLIC
CREATE TABLE DELETEME1462368933427\u000a(\u000a    UNUSED INTEGER NOT NULL\u000a)
DROP TABLE DELETEME1462368933427
/*C89*/SET SCHEMA PUBLIC
CREATE TABLE DELETEME1462368942008\u000a(\u000a    UNUSED INTEGER NOT NULL\u000a)
DROP TABLE DELETEME1462368942008
/*C91*/SET SCHEMA PUBLIC
CREATE TABLE DELETEME1462368959183\u000a(\u000a    UNUSED INTEGER NOT NULL\u000a)
DROP TABLE DELETEME1462368959183
/*C92*/SET SCHEMA PUBLIC
DISCONNECT
/*C91*/DISCONNECT
/*C76*/SET SCHEMA PUBLIC
DISCONNECT
/*C75*/DISCONNECT
/*C88*/SET SCHEMA PUBLIC
DISCONNECT
/*C87*/DISCONNECT
/*C90*/SET SCHEMA PUBLIC
DISCONNECT
/*C89*/DISCONNECT
/*C82*/SET SCHEMA PUBLIC
DISCONNECT
/*C81*/DISCONNECT
/*C93*/SET SCHEMA PUBLIC
CREATE TABLE DELETEME1462368962839\u000a(\u000a    UNUSED INTEGER NOT NULL\u000a)
/*C84*/SET SCHEMA PUBLIC
DISCONNECT
/*C83*/DISCONNECT
/*C86*/SET SCHEMA PUBLIC
DISCONNECT
/*C85*/DISCONNECT
/*C93*/DROP TABLE DELETEME1462368962839
/*C78*/SET SCHEMA PUBLIC
DISCONNECT
/*C77*/DISCONNECT
/*C80*/SET SCHEMA PUBLIC
DISCONNECT
/*C79*/DISCONNECT
/*C95*/SET SCHEMA PUBLIC
CREATE TABLE DELETEME1462369002803\u000a(\u000a    UNUSED INTEGER NOT NULL\u000a)
DROP TABLE DELETEME1462369002803
/*C97*/SET SCHEMA PUBLIC
CREATE TABLE DELETEME1462369007572\u000a(\u000a    UNUSED INTEGER NOT NULL\u000a)
DROP TABLE DELETEME1462369007572
/*C99*/SET SCHEMA PUBLIC
CREATE TABLE DELETEME1462369009034\u000a(\u000a    UNUSED INTEGER NOT NULL\u000a)
DROP TABLE DELETEME1462369009034
/*C101*/SET SCHEMA PUBLIC
CREATE TABLE DELETEME1462369015947\u000a(\u000a    UNUSED INTEGER NOT NULL\u000a)
DROP TABLE DELETEME1462369015947
/*C103*/SET SCHEMA PUBLIC
CREATE TABLE DELETEME1462369020135\u000a(\u000a    UNUSED INTEGER NOT NULL\u000a)
DROP TABLE DELETEME1462369020135
/*C105*/SET SCHEMA PUBLIC
CREATE TABLE DELETEME1462369021404\u000a(\u000a    UNUSED INTEGER NOT NULL\u000a)
DROP TABLE DELETEME1462369021404
/*C107*/SET SCHEMA PUBLIC
CREATE TABLE DELETEME1462369023109\u000a(\u000a    UNUSED INTEGER NOT NULL\u000a)
DROP TABLE DELETEME1462369023109
/*C109*/SET SCHEMA PUBLIC
CREATE TABLE DELETEME1462369026594\u000a(\u000a    UNUSED INTEGER NOT NULL\u000a)
DROP TABLE DELETEME1462369026594
/*C111*/SET SCHEMA PUBLIC
CREATE TABLE DELETEME1462369111218\u000a(\u000a    UNUSED INTEGER NOT NULL\u000a)
DROP TABLE DELETEME1462369111218
/*C113*/SET SCHEMA PUBLIC
CREATE TABLE DELETEME1462369111553\u000a(\u000a    UNUSED INTEGER NOT NULL\u000a)
DROP TABLE DELETEME1462369111553
/*C112*/SET SCHEMA PUBLIC
DISCONNECT
/*C111*/DISCONNECT
/*C94*/SET SCHEMA PUBLIC
DISCONNECT
/*C93*/DISCONNECT
/*C96*/SET SCHEMA PUBLIC
DISCONNECT
/*C95*/DISCONNECT
/*C98*/SET SCHEMA PUBLIC
DISCONNECT
/*C97*/DISCONNECT
/*C100*/SET SCHEMA PUBLIC
DISCONNECT
/*C99*/DISCONNECT
/*C106*/SET SCHEMA PUBLIC
DISCONNECT
/*C105*/DISCONNECT
/*C108*/SET SCHEMA PUBLIC
DISCONNECT
/*C107*/DISCONNECT
/*C110*/SET SCHEMA PUBLIC
DISCONNECT
/*C109*/DISCONNECT
/*C102*/SET SCHEMA PUBLIC
DISCONNECT
/*C101*/DISCONNECT
/*C104*/SET SCHEMA PUBLIC
DISCONNECT
/*C103*/DISCONNECT
/*C115*/SET SCHEMA PUBLIC
CREATE TABLE DELETEME1462369113507\u000a(\u000a    UNUSED INTEGER NOT NULL\u000a)
DROP TABLE DELETEME1462369113507
/*C117*/SET SCHEMA PUBLIC
CREATE TABLE DELETEME1462369117466\u000a(\u000a    UNUSED INTEGER NOT NULL\u000a)
DROP TABLE DELETEME1462369117466
/*C119*/SET SCHEMA PUBLIC
CREATE TABLE DELETEME1462369152202\u000a(\u000a    UNUSED INTEGER NOT NULL\u000a)
DROP TABLE DELETEME1462369152202
/*C121*/SET SCHEMA PUBLIC
CREATE TABLE DELETEME1462369153268\u000a(\u000a    UNUSED INTEGER NOT NULL\u000a)
DROP TABLE DELETEME1462369153268
/*C123*/SET SCHEMA PUBLIC
CREATE TABLE DELETEME1462369189426\u000a(\u000a    UNUSED INTEGER NOT NULL\u000a)
DROP TABLE DELETEME1462369189426
/*C125*/SET SCHEMA PUBLIC
CREATE TABLE DELETEME1462369218340\u000a(\u000a    UNUSED INTEGER NOT NULL\u000a)
DROP TABLE DELETEME1462369218340
/*C127*/SET SCHEMA PUBLIC
CREATE TABLE DELETEME1462369218992\u000a(\u000a    UNUSED INTEGER NOT NULL\u000a)
DROP TABLE DELETEME1462369218992
/*C129*/SET SCHEMA PUBLIC
CREATE TABLE DELETEME1462369219936\u000a(\u000a    UNUSED INTEGER NOT NULL\u000a)
DROP TABLE DELETEME1462369219936
/*C131*/SET SCHEMA PUBLIC
CREATE TABLE DELETEME1462369221302\u000a(\u000a    UNUSED INTEGER NOT NULL\u000a)
DROP TABLE DELETEME1462369221302
/*C132*/SET SCHEMA PUBLIC
DISCONNECT
/*C131*/DISCONNECT
/*C114*/SET SCHEMA PUBLIC
DISCONNECT
/*C113*/DISCONNECT
/*C116*/SET SCHEMA PUBLIC
DISCONNECT
/*C115*/DISCONNECT
/*C118*/SET SCHEMA PUBLIC
DISCONNECT
/*C117*/DISCONNECT
/*C120*/SET SCHEMA PUBLIC
DISCONNECT
/*C119*/DISCONNECT
/*C126*/SET SCHEMA PUBLIC
DISCONNECT
/*C125*/DISCONNECT
/*C128*/SET SCHEMA PUBLIC
DISCONNECT
/*C127*/DISCONNECT
/*C130*/SET SCHEMA PUBLIC
DISCONNECT
/*C129*/DISCONNECT
/*C122*/SET SCHEMA PUBLIC
DISCONNECT
/*C121*/DISCONNECT
/*C124*/SET SCHEMA PUBLIC
DISCONNECT
/*C123*/DISCONNECT
/*C133*/SET SCHEMA PUBLIC
CREATE TABLE DELETEME1462369223042\u000a(\u000a    UNUSED INTEGER NOT NULL\u000a)
DROP TABLE DELETEME1462369223042
/*C135*/SET SCHEMA PUBLIC
CREATE TABLE DELETEME1462369226124\u000a(\u000a    UNUSED INTEGER NOT NULL\u000a)
DROP TABLE DELETEME1462369226124
/*C137*/SET SCHEMA PUBLIC
CREATE TABLE DELETEME1462369227687\u000a(\u000a    UNUSED INTEGER NOT NULL\u000a)
DROP TABLE DELETEME1462369227687
/*C139*/SET SCHEMA PUBLIC
CREATE TABLE DELETEME1462369228495\u000a(\u000a    UNUSED INTEGER NOT NULL\u000a)
DROP TABLE DELETEME1462369228495
/*C141*/SET SCHEMA PUBLIC
CREATE TABLE DELETEME1462369247661\u000a(\u000a    UNUSED INTEGER NOT NULL\u000a)
DROP TABLE DELETEME1462369247661
/*C143*/SET SCHEMA PUBLIC
CREATE TABLE DELETEME1462369248266\u000a(\u000a    UNUSED INTEGER NOT NULL\u000a)
DROP TABLE DELETEME1462369248266
/*C145*/SET SCHEMA PUBLIC
CREATE TABLE DELETEME1462369318031\u000a(\u000a    UNUSED INTEGER NOT NULL\u000a)
DROP TABLE DELETEME1462369318031
/*C147*/SET SCHEMA PUBLIC
CREATE TABLE DELETEME1462369372936\u000a(\u000a    UNUSED INTEGER NOT NULL\u000a)
DROP TABLE DELETEME1462369372936
/*C149*/SET SCHEMA PUBLIC
CREATE TABLE DELETEME1462369373714\u000a(\u000a    UNUSED INTEGER NOT NULL\u000a)
DROP TABLE DELETEME1462369373714
/*C151*/SET SCHEMA PUBLIC
CREATE TABLE DELETEME1462369375161\u000a(\u000a    UNUSED INTEGER NOT NULL\u000a)
DROP TABLE DELETEME1462369375161
/*C148*/SET SCHEMA PUBLIC
DISCONNECT
/*C147*/DISCONNECT
/*C134*/SET SCHEMA PUBLIC
DISCONNECT
/*C133*/DISCONNECT
/*C150*/SET SCHEMA PUBLIC
DISCONNECT
/*C149*/DISCONNECT
/*C136*/SET SCHEMA PUBLIC
DISCONNECT
/*C135*/DISCONNECT
/*C138*/SET SCHEMA PUBLIC
DISCONNECT
/*C137*/DISCONNECT
/*C140*/SET SCHEMA PUBLIC
DISCONNECT
/*C139*/DISCONNECT
/*C146*/SET SCHEMA PUBLIC
DISCONNECT
/*C145*/DISCONNECT
/*C142*/SET SCHEMA PUBLIC
DISCONNECT
/*C141*/DISCONNECT
/*C152*/SET SCHEMA PUBLIC
DISCONNECT
/*C151*/DISCONNECT
/*C144*/SET SCHEMA PUBLIC
DISCONNECT
/*C143*/DISCONNECT
/*C153*/SET SCHEMA PUBLIC
CREATE TABLE DELETEME1462369375991\u000a(\u000a    UNUSED INTEGER NOT NULL\u000a)
DROP TABLE DELETEME1462369375991
/*C155*/SET SCHEMA PUBLIC
CREATE TABLE DELETEME1462369452709\u000a(\u000a    UNUSED INTEGER NOT NULL\u000a)
DROP TABLE DELETEME1462369452709
/*C157*/SET SCHEMA PUBLIC
CREATE TABLE DELETEME1462369467169\u000a(\u000a    UNUSED INTEGER NOT NULL\u000a)
DROP TABLE DELETEME1462369467169
/*C159*/SET SCHEMA PUBLIC
CREATE TABLE DELETEME1462369467449\u000a(\u000a    UNUSED INTEGER NOT NULL\u000a)
DROP TABLE DELETEME1462369467449
/*C161*/SET SCHEMA PUBLIC
CREATE TABLE DELETEME1462369469476\u000a(\u000a    UNUSED INTEGER NOT NULL\u000a)
DROP TABLE DELETEME1462369469476
/*C163*/SET SCHEMA PUBLIC
CREATE TABLE DELETEME1462369471897\u000a(\u000a    UNUSED INTEGER NOT NULL\u000a)
DROP TABLE DELETEME1462369471897
/*C165*/SET SCHEMA PUBLIC
CREATE TABLE DELETEME1462369473038\u000a(\u000a    UNUSED INTEGER NOT NULL\u000a)
DROP TABLE DELETEME1462369473038
/*C167*/SET SCHEMA PUBLIC
CREATE TABLE DELETEME1462369581089\u000a(\u000a    UNUSED INTEGER NOT NULL\u000a)
DROP TABLE DELETEME1462369581089
/*C169*/SET SCHEMA PUBLIC
CREATE TABLE DELETEME1462369581711\u000a(\u000a    UNUSED INTEGER NOT NULL\u000a)
DROP TABLE DELETEME1462369581711
/*C168*/SET SCHEMA PUBLIC
DISCONNECT
/*C167*/DISCONNECT
/*C154*/SET SCHEMA PUBLIC
DISCONNECT
/*C153*/DISCONNECT
/*C156*/SET SCHEMA PUBLIC
DISCONNECT
/*C155*/DISCONNECT
/*C158*/SET SCHEMA PUBLIC
DISCONNECT
/*C157*/DISCONNECT
/*C166*/SET SCHEMA PUBLIC
DISCONNECT
/*C165*/DISCONNECT
/*C164*/SET SCHEMA PUBLIC
DISCONNECT
/*C163*/DISCONNECT
/*C160*/SET SCHEMA PUBLIC
DISCONNECT
/*C159*/DISCONNECT
/*C162*/SET SCHEMA PUBLIC
DISCONNECT
/*C161*/DISCONNECT
/*C171*/SET SCHEMA PUBLIC
CREATE TABLE DELETEME1462369593922\u000a(\u000a    UNUSED INTEGER NOT NULL\u000a)
DROP TABLE DELETEME1462369593922
/*C173*/SET SCHEMA PUBLIC
CREATE TABLE DELETEME1462369609379\u000a(\u000a    UNUSED INTEGER NOT NULL\u000a)
DROP TABLE DELETEME1462369609379
/*C175*/SET SCHEMA PUBLIC
CREATE TABLE DELETEME1462369739842\u000a(\u000a    UNUSED INTEGER NOT NULL\u000a)
DROP TABLE DELETEME1462369739842
/*C177*/SET SCHEMA PUBLIC
CREATE TABLE DELETEME1462369742135\u000a(\u000a    UNUSED INTEGER NOT NULL\u000a)
DROP TABLE DELETEME1462369742135
/*C179*/SET SCHEMA PUBLIC
CREATE TABLE DELETEME1462369750919\u000a(\u000a    UNUSED INTEGER NOT NULL\u000a)
DROP TABLE DELETEME1462369750919
/*C181*/SET SCHEMA PUBLIC
CREATE TABLE DELETEME1462369763604\u000a(\u000a    UNUSED INTEGER NOT NULL\u000a)
DROP TABLE DELETEME1462369763604
/*C183*/SET SCHEMA PUBLIC
CREATE TABLE DELETEME1462369919354\u000a(\u000a    UNUSED INTEGER NOT NULL\u000a)
DROP TABLE DELETEME1462369919354
/*C185*/SET SCHEMA PUBLIC
CREATE TABLE DELETEME1462369920820\u000a(\u000a    UNUSED INTEGER NOT NULL\u000a)
DROP TABLE DELETEME1462369920820
/*C186*/SET SCHEMA PUBLIC
DISCONNECT
/*C185*/DISCONNECT
/*C170*/SET SCHEMA PUBLIC
DISCONNECT
/*C169*/DISCONNECT
/*C182*/SET SCHEMA PUBLIC
DISCONNECT
/*C181*/DISCONNECT
/*C184*/SET SCHEMA PUBLIC
DISCONNECT
/*C183*/DISCONNECT
/*C178*/SET SCHEMA PUBLIC
DISCONNECT
/*C177*/DISCONNECT
/*C180*/SET SCHEMA PUBLIC
DISCONNECT
/*C179*/DISCONNECT
/*C172*/SET SCHEMA PUBLIC
DISCONNECT
/*C171*/DISCONNECT
/*C174*/SET SCHEMA PUBLIC
DISCONNECT
/*C173*/DISCONNECT
/*C187*/SET SCHEMA PUBLIC
CREATE TABLE DELETEME1462369930658\u000a(\u000a    UNUSED INTEGER NOT NULL\u000a)
/*C176*/SET SCHEMA PUBLIC
DISCONNECT
/*C175*/DISCONNECT
/*C187*/DROP TABLE DELETEME1462369930658
/*C189*/SET SCHEMA PUBLIC
CREATE TABLE DELETEME1462369946660\u000a(\u000a    UNUSED INTEGER NOT NULL\u000a)
DROP TABLE DELETEME1462369946660
/*C191*/SET SCHEMA PUBLIC
CREATE TABLE DELETEME1462370128132\u000a(\u000a    UNUSED INTEGER NOT NULL\u000a)
DROP TABLE DELETEME1462370128132
/*C193*/SET SCHEMA PUBLIC
CREATE TABLE DELETEME1462370385256\u000a(\u000a    UNUSED INTEGER NOT NULL\u000a)
DROP TABLE DELETEME1462370385256
/*C195*/SET SCHEMA PUBLIC
CREATE TABLE DELETEME1462370387801\u000a(\u000a    UNUSED INTEGER NOT NULL\u000a)
DROP TABLE DELETEME1462370387801
/*C197*/SET SCHEMA PUBLIC
CREATE TABLE DELETEME1462370400167\u000a(\u000a    UNUSED INTEGER NOT NULL\u000a)
DROP TABLE DELETEME1462370400167
/*C198*/SET SCHEMA PUBLIC
CREATE TABLE DELETEME1462370400323\u000a(\u000a    UNUSED INTEGER NOT NULL\u000a)
DROP TABLE DELETEME1462370400323
/*C201*/SET SCHEMA PUBLIC
CREATE TABLE DELETEME1462370415988\u000a(\u000a    UNUSED INTEGER NOT NULL\u000a)
DROP TABLE DELETEME1462370415988
/*C190*/SET SCHEMA PUBLIC
DISCONNECT
/*C189*/DISCONNECT
/*C188*/SET SCHEMA PUBLIC
DISCONNECT
/*C187*/DISCONNECT
/*C192*/SET SCHEMA PUBLIC
DISCONNECT
/*C191*/DISCONNECT
/*C194*/SET SCHEMA PUBLIC
DISCONNECT
/*C193*/DISCONNECT
/*C196*/SET SCHEMA PUBLIC
DISCONNECT
/*C195*/DISCONNECT
/*C199*/SET SCHEMA PUBLIC
DISCONNECT
/*C197*/DISCONNECT
